[2022-11-21T11:50:26.269+0700] {taskinstance.py:1165} INFO - Dependencies all met for <TaskInstance: etl_process.run scheduled__2022-11-18T10:00:00+00:00 [queued]>
[2022-11-21T11:50:26.285+0700] {taskinstance.py:1165} INFO - Dependencies all met for <TaskInstance: etl_process.run scheduled__2022-11-18T10:00:00+00:00 [queued]>
[2022-11-21T11:50:26.285+0700] {taskinstance.py:1362} INFO - 
--------------------------------------------------------------------------------
[2022-11-21T11:50:26.285+0700] {taskinstance.py:1363} INFO - Starting attempt 1 of 3
[2022-11-21T11:50:26.286+0700] {taskinstance.py:1364} INFO - 
--------------------------------------------------------------------------------
[2022-11-21T11:50:26.305+0700] {taskinstance.py:1383} INFO - Executing <Task(_PythonDecoratedOperator): run> on 2022-11-18 10:00:00+00:00
[2022-11-21T11:50:26.310+0700] {standard_task_runner.py:55} INFO - Started process 124104 to run task
[2022-11-21T11:50:26.313+0700] {standard_task_runner.py:82} INFO - Running: ['airflow', 'tasks', 'run', 'etl_process', 'run', 'scheduled__2022-11-18T10:00:00+00:00', '--job-id', '164', '--raw', '--subdir', '/home/tanle/Documents/Spotify_project/airflow_spotify.py/dags/extract.py', '--cfg-path', '/tmp/tmpimdhtzlp']
[2022-11-21T11:50:26.315+0700] {standard_task_runner.py:83} INFO - Job 164: Subtask run
[2022-11-21T11:50:26.554+0700] {task_command.py:376} INFO - Running <TaskInstance: etl_process.run scheduled__2022-11-18T10:00:00+00:00 [running]> on host tanle-Precision-M4600
[2022-11-21T11:50:26.810+0700] {taskinstance.py:1590} INFO - Exporting the following env vars:
AIRFLOW_CTX_DAG_EMAIL=lexuantan2000@gmail.com
AIRFLOW_CTX_DAG_OWNER=tanle
AIRFLOW_CTX_DAG_ID=etl_process
AIRFLOW_CTX_TASK_ID=run
AIRFLOW_CTX_EXECUTION_DATE=2022-11-18T10:00:00+00:00
AIRFLOW_CTX_TRY_NUMBER=1
AIRFLOW_CTX_DAG_RUN_ID=scheduled__2022-11-18T10:00:00+00:00
[2022-11-21T11:50:26.812+0700] {taskinstance.py:1851} ERROR - Task failed with exception
Traceback (most recent call last):
  File "/home/tanle/Documents/Spotify_project/airflow_spotify.py/env/lib/python3.10/site-packages/airflow/decorators/base.py", line 188, in execute
    return_value = super().execute(context)
  File "/home/tanle/Documents/Spotify_project/airflow_spotify.py/env/lib/python3.10/site-packages/airflow/operators/python.py", line 175, in execute
    return_value = self.execute_callable()
  File "/home/tanle/Documents/Spotify_project/airflow_spotify.py/env/lib/python3.10/site-packages/airflow/operators/python.py", line 193, in execute_callable
    return self.python_callable(*self.op_args, **self.op_kwargs)
  File "/home/tanle/Documents/Spotify_project/airflow_spotify.py/dags/extract.py", line 168, in run
    transform_new_data_track()
  File "/home/tanle/Documents/Spotify_project/airflow_spotify.py/./dags/transform.py", line 105, in transform_new_data_track
    truncate_table_track_raw()
  File "/home/tanle/Documents/Spotify_project/airflow_spotify.py/./dags/transform.py", line 77, in truncate_table_track_raw
    session.execute('TRUNCATE TABLE track_raw')
  File "/home/tanle/Documents/Spotify_project/airflow_spotify.py/env/lib/python3.10/site-packages/sqlalchemy/orm/session.py", line 1677, in execute
    bind = self.get_bind(**bind_arguments)
  File "/home/tanle/Documents/Spotify_project/airflow_spotify.py/env/lib/python3.10/site-packages/sqlalchemy/orm/session.py", line 2124, in get_bind
    raise sa_exc.UnboundExecutionError(
sqlalchemy.exc.UnboundExecutionError: Could not locate a bind configured on SQL expression or this Session.
[2022-11-21T11:50:26.845+0700] {taskinstance.py:1401} INFO - Marking task as UP_FOR_RETRY. dag_id=etl_process, task_id=run, execution_date=20221118T100000, start_date=20221121T045026, end_date=20221121T045026
[2022-11-21T11:50:26.912+0700] {logging_mixin.py:120} WARNING - /home/tanle/Documents/Spotify_project/airflow_spotify.py/env/lib/python3.10/site-packages/airflow/utils/email.py:120 RemovedInAirflow3Warning: Fetching SMTP credentials from configuration variables will be deprecated in a future release. Please set credentials using a connection instead.
[2022-11-21T11:50:26.912+0700] {configuration.py:569} WARNING - section/key [smtp/smtp_user] not found in config
[2022-11-21T11:50:26.912+0700] {email.py:229} INFO - Email alerting: attempt 1
[2022-11-21T11:50:26.962+0700] {configuration.py:569} WARNING - section/key [smtp/smtp_user] not found in config
[2022-11-21T11:50:26.963+0700] {email.py:229} INFO - Email alerting: attempt 1
[2022-11-21T11:50:26.963+0700] {taskinstance.py:1914} ERROR - Failed to send email to: ['lexuantan2000@gmail.com']
Traceback (most recent call last):
  File "/home/tanle/Documents/Spotify_project/airflow_spotify.py/env/lib/python3.10/site-packages/airflow/models/taskinstance.py", line 1457, in _run_raw_task
    self._execute_task_with_callbacks(context, test_mode)
  File "/home/tanle/Documents/Spotify_project/airflow_spotify.py/env/lib/python3.10/site-packages/airflow/models/taskinstance.py", line 1603, in _execute_task_with_callbacks
    result = self._execute_task(context, task_orig)
  File "/home/tanle/Documents/Spotify_project/airflow_spotify.py/env/lib/python3.10/site-packages/airflow/models/taskinstance.py", line 1664, in _execute_task
    result = execute_callable(context=context)
  File "/home/tanle/Documents/Spotify_project/airflow_spotify.py/env/lib/python3.10/site-packages/airflow/decorators/base.py", line 188, in execute
    return_value = super().execute(context)
  File "/home/tanle/Documents/Spotify_project/airflow_spotify.py/env/lib/python3.10/site-packages/airflow/operators/python.py", line 175, in execute
    return_value = self.execute_callable()
  File "/home/tanle/Documents/Spotify_project/airflow_spotify.py/env/lib/python3.10/site-packages/airflow/operators/python.py", line 193, in execute_callable
    return self.python_callable(*self.op_args, **self.op_kwargs)
  File "/home/tanle/Documents/Spotify_project/airflow_spotify.py/dags/extract.py", line 168, in run
    transform_new_data_track()
  File "/home/tanle/Documents/Spotify_project/airflow_spotify.py/./dags/transform.py", line 105, in transform_new_data_track
    truncate_table_track_raw()
  File "/home/tanle/Documents/Spotify_project/airflow_spotify.py/./dags/transform.py", line 77, in truncate_table_track_raw
    session.execute('TRUNCATE TABLE track_raw')
  File "/home/tanle/Documents/Spotify_project/airflow_spotify.py/env/lib/python3.10/site-packages/sqlalchemy/orm/session.py", line 1677, in execute
    bind = self.get_bind(**bind_arguments)
  File "/home/tanle/Documents/Spotify_project/airflow_spotify.py/env/lib/python3.10/site-packages/sqlalchemy/orm/session.py", line 2124, in get_bind
    raise sa_exc.UnboundExecutionError(
sqlalchemy.exc.UnboundExecutionError: Could not locate a bind configured on SQL expression or this Session.

During handling of the above exception, another exception occurred:

Traceback (most recent call last):
  File "/home/tanle/Documents/Spotify_project/airflow_spotify.py/env/lib/python3.10/site-packages/airflow/models/taskinstance.py", line 2315, in email_alert
    send_email(task.email, subject, html_content)
  File "/home/tanle/Documents/Spotify_project/airflow_spotify.py/env/lib/python3.10/site-packages/airflow/utils/email.py", line 59, in send_email
    return backend(
  File "/home/tanle/Documents/Spotify_project/airflow_spotify.py/env/lib/python3.10/site-packages/airflow/utils/email.py", line 120, in send_email_smtp
    send_mime_email(e_from=mail_from, e_to=recipients, mime_msg=msg, conn_id=conn_id, dryrun=dryrun)
  File "/home/tanle/Documents/Spotify_project/airflow_spotify.py/env/lib/python3.10/site-packages/airflow/utils/email.py", line 231, in send_mime_email
    smtp_conn = _get_smtp_connection(smtp_host, smtp_port, smtp_timeout, smtp_ssl)
  File "/home/tanle/Documents/Spotify_project/airflow_spotify.py/env/lib/python3.10/site-packages/airflow/utils/email.py", line 265, in _get_smtp_connection
    else smtplib.SMTP(host=host, port=port, timeout=timeout)
  File "/usr/lib/python3.10/smtplib.py", line 255, in __init__
    (code, msg) = self.connect(host, port)
  File "/usr/lib/python3.10/smtplib.py", line 341, in connect
    self.sock = self._get_socket(host, port, self.timeout)
  File "/usr/lib/python3.10/smtplib.py", line 312, in _get_socket
    return socket.create_connection((host, port), timeout,
  File "/usr/lib/python3.10/socket.py", line 845, in create_connection
    raise err
  File "/usr/lib/python3.10/socket.py", line 833, in create_connection
    sock.connect(sa)
ConnectionRefusedError: [Errno 111] Connection refused

During handling of the above exception, another exception occurred:

Traceback (most recent call last):
  File "/home/tanle/Documents/Spotify_project/airflow_spotify.py/env/lib/python3.10/site-packages/airflow/models/taskinstance.py", line 1912, in handle_failure
    self.email_alert(error, task)
  File "/home/tanle/Documents/Spotify_project/airflow_spotify.py/env/lib/python3.10/site-packages/airflow/models/taskinstance.py", line 2317, in email_alert
    send_email(task.email, subject, html_content_err)
  File "/home/tanle/Documents/Spotify_project/airflow_spotify.py/env/lib/python3.10/site-packages/airflow/utils/email.py", line 59, in send_email
    return backend(
  File "/home/tanle/Documents/Spotify_project/airflow_spotify.py/env/lib/python3.10/site-packages/airflow/utils/email.py", line 120, in send_email_smtp
    send_mime_email(e_from=mail_from, e_to=recipients, mime_msg=msg, conn_id=conn_id, dryrun=dryrun)
  File "/home/tanle/Documents/Spotify_project/airflow_spotify.py/env/lib/python3.10/site-packages/airflow/utils/email.py", line 231, in send_mime_email
    smtp_conn = _get_smtp_connection(smtp_host, smtp_port, smtp_timeout, smtp_ssl)
  File "/home/tanle/Documents/Spotify_project/airflow_spotify.py/env/lib/python3.10/site-packages/airflow/utils/email.py", line 265, in _get_smtp_connection
    else smtplib.SMTP(host=host, port=port, timeout=timeout)
  File "/usr/lib/python3.10/smtplib.py", line 255, in __init__
    (code, msg) = self.connect(host, port)
  File "/usr/lib/python3.10/smtplib.py", line 341, in connect
    self.sock = self._get_socket(host, port, self.timeout)
  File "/usr/lib/python3.10/smtplib.py", line 312, in _get_socket
    return socket.create_connection((host, port), timeout,
  File "/usr/lib/python3.10/socket.py", line 845, in create_connection
    raise err
  File "/usr/lib/python3.10/socket.py", line 833, in create_connection
    sock.connect(sa)
ConnectionRefusedError: [Errno 111] Connection refused
[2022-11-21T11:50:27.005+0700] {standard_task_runner.py:100} ERROR - Failed to execute job 164 for task run (Could not locate a bind configured on SQL expression or this Session.; 124104)
[2022-11-21T11:50:27.046+0700] {local_task_job.py:164} INFO - Task exited with return code 1
[2022-11-21T11:50:27.089+0700] {local_task_job.py:273} INFO - 0 downstream tasks scheduled from follow-on schedule check
